[10:41:50.739] [INFO]: Loading config 'startup.json'.
[10:41:56.565] [INFO]: Loaded plugins: almostunified:common, almostunified:neoforge
[10:42:00.928] [WARN]: Reload detected. Reconstructing runtime.
[10:42:00.931] [INFO]: Loading config 'tags.json'.
[10:42:00.941] [INFO]: Loading config 'placeholders.json'.
[10:42:00.961] [WARN]: The following mods are used in unification settings, but are not loaded: [biggerreactors]
[10:42:00.965] [WARN]: The following tags are invalid or not in use and will be ignored: [c:gears/aeternium, c:raw_materials/apatite, c:dusts/bitumen, c:raw_materials/elementium, c:gears/potassium_nitrate, c:gears/bitumen, c:wires/aluminum, c:wires/enderium, c:wires/iron, c:nuggets/amber, c:wires/electrum, c:ingots/diamond, c:ores/graphite, c:gems/obsidian, c:rods/obsidian, c:gears/fluorite, c:gears/amber, c:wires/diamond, c:gems/amber, c:storage_blocks/potassium_nitrate, c:ores/signalum, c:rods/apatite, c:storage_blocks/raw_ruby, c:dusts/aeternium, c:storage_blocks/raw_potassium_nitrate, c:rods/sulfur, c:storage_blocks/raw_cinnabar, c:gems/steel, c:nuggets/mithril, c:ingots/lapis, c:rods/amber, c:rods/cinnabar, c:storage_blocks/raw_aeternium, c:wires/netherite, c:plates/obsidian, c:nuggets/netherite, c:plates/ruby, c:gears/sapphire, c:raw_materials/graphite, c:dusts/elementium, c:dusts/potassium_nitrate, c:nuggets/sapphire, c:raw_materials/aeternium, c:wires/obsidian, c:raw_materials/ruby, c:storage_blocks/raw_bitumen, c:dusts/mithril, c:dusts/chrome, c:gems/silver, c:nuggets/fluorite, c:ingots/cobalt, c:ores/steel, c:storage_blocks/raw_signalum, c:wires/bronze, c:ores/bitumen, c:storage_blocks/raw_emerald, c:ores/potassium_nitrate, c:wires/brass, c:storage_blocks/raw_invar, c:wires/zinc, c:plates/cinnabar, c:nuggets/apatite, c:raw_materials/peridot, c:nuggets/aeternium, c:gems/tungsten, c:gems/zinc, c:ingots/elementium, c:ores/netherite, c:rods/potassium_nitrate, c:raw_materials/steel, c:storage_blocks/raw_electrum, c:plates/cobalt, c:storage_blocks/amber, c:nuggets/graphite, c:plates/lapis, c:ingots/obsidian, c:storage_blocks/raw_cobalt, c:nuggets/bitumen, c:rods/fluorite, c:wires/invar, c:plates/graphite, c:gems/brass, c:gems/enderium, c:gems/apatite, c:rods/sapphire, c:ingots/peridot, c:nuggets/lapis, c:plates/mithril, c:gems/invar, c:wires/gold, c:raw_materials/lumium, c:plates/bitumen, c:rods/chrome, c:raw_materials/cobalt, c:ingots/chrome, c:storage_blocks/cobalt, c:wires/steel, c:gems/lead, c:gems/aluminum, c:wires/tin, c:raw_materials/chrome, c:gems/cobalt, c:ingots/amber, c:plates/sulfur, c:raw_materials/brass, c:storage_blocks/raw_obsidian, c:nuggets/diamond, c:gears/mithril, c:raw_materials/emerald, c:storage_blocks/mithril, c:storage_blocks/cinnabar, c:wires/sulfur, c:wires/constantan, c:wires/tungsten, c:wires/mithril, c:rods/elementium, c:storage_blocks/chrome, c:gems/graphite, c:raw_materials/invar, c:wires/bitumen, c:wires/elementium, c:wires/lapis, c:gears/lapis, c:rods/aeternium, c:nuggets/cinnabar, c:gems/tin, c:ores/brass, c:storage_blocks/raw_sulfur, c:storage_blocks/bitumen, c:gears/obsidian, c:dusts/cobalt, c:ingots/apatite, c:wires/potassium_nitrate, c:gems/sulfur, c:wires/aeternium, c:rods/lapis, c:wires/emerald, c:gems/netherite, c:ingots/fluorite, c:wires/ruby, c:storage_blocks/raw_brass, c:wires/cobalt, c:gems/platinum, c:raw_materials/obsidian, c:ores/electrum, c:ores/invar, c:storage_blocks/elementium, c:storage_blocks/raw_diamond, c:ingots/sapphire, c:raw_materials/bronze, c:wires/signalum, c:rods/graphite, c:gears/sulfur, c:plates/amber, c:rods/bitumen, c:raw_materials/bitumen, c:gems/potassium_nitrate, c:nuggets/emerald, c:dusts/amber, c:raw_materials/lapis, c:raw_materials/constantan, c:rods/netherite, c:ingots/emerald, c:gems/iridium, c:wires/osmium, c:storage_blocks/raw_fluorite, c:dusts/apatite, c:wires/graphite, c:wires/amber, c:gears/tungsten, c:storage_blocks/raw_sapphire, c:gems/lumium, c:nuggets/peridot, c:ores/chrome, c:rods/ruby, c:wires/peridot, c:gears/apatite, c:ingots/aeternium, c:ores/bronze, c:raw_materials/cinnabar, c:raw_materials/sulfur, c:plates/aeternium, c:storage_blocks/raw_enderium, c:ores/aeternium, c:ores/apatite, c:gears/netherite, c:raw_materials/electrum, c:gems/uranium, c:storage_blocks/raw_apatite, c:gears/elementium, c:plates/chrome, c:ores/obsidian, c:nuggets/ruby, c:gems/signalum, c:wires/chrome, c:ingots/potassium_nitrate, c:storage_blocks/raw_constantan, c:storage_blocks/raw_mithril, c:rods/emerald, c:wires/uranium, c:ores/lumium, c:nuggets/chrome, c:gems/copper, c:gems/chrome, c:rods/cobalt, c:wires/silver, c:gems/bronze, c:ores/cinnabar, c:wires/lumium, c:rods/mithril, c:storage_blocks/raw_chrome, c:raw_materials/amber, c:gems/iron, c:dusts/graphite, c:gears/peridot, c:storage_blocks/raw_bronze, c:wires/iridium, c:ores/enderium, c:gears/chrome, c:storage_blocks/raw_netherite, c:storage_blocks/raw_elementium, c:wires/cinnabar, c:nuggets/elementium, c:ores/cobalt, c:rods/tungsten, c:plates/potassium_nitrate, c:gears/ruby, c:wires/copper, c:ores/amber, c:plates/netherite, c:storage_blocks/raw_graphite, c:gems/bitumen, c:wires/nickel, c:raw_materials/netherite, c:gears/emerald, c:gems/osmium, c:storage_blocks/raw_lumium, c:raw_materials/fluorite, c:raw_materials/enderium, c:raw_materials/sapphire, c:wires/lead, c:gears/graphite, c:ingots/bitumen, c:ingots/sulfur, c:gems/gold, c:raw_materials/potassium_nitrate, c:wires/fluorite, c:ingots/ruby, c:plates/sapphire, c:gems/mithril, c:storage_blocks/raw_amber, c:storage_blocks/apatite, c:wires/apatite, c:wires/platinum, c:nuggets/potassium_nitrate, c:plates/fluorite, c:storage_blocks/raw_lapis, c:storage_blocks/aeternium, c:ingots/cinnabar, c:ores/constantan, c:raw_materials/signalum, c:gems/electrum, c:plates/apatite, c:plates/peridot, c:plates/elementium, c:storage_blocks/raw_peridot, c:nuggets/obsidian, c:nuggets/cobalt, c:raw_materials/diamond, c:dusts/cinnabar, c:wires/sapphire, c:gears/cinnabar, c:ores/elementium, c:gems/aeternium, c:gems/nickel, c:gems/elementium, c:rods/peridot, c:gears/cobalt, c:nuggets/sulfur, c:storage_blocks/obsidian, c:gems/constantan, c:storage_blocks/raw_steel]
[10:42:00.992] [INFO]: [AutoHiding] Hiding 3/4 items for tag '#c:raw_materials/silver' -> [railcraft:silver_raw, occultism:raw_silver, modern_industrialization:raw_silver]
[10:42:00.992] [INFO]: [AutoHiding] Hiding 2/3 items for tag '#c:dusts/bronze' -> [mekanism:dust_bronze, modern_industrialization:bronze_dust]
[10:42:00.992] [INFO]: [AutoHiding] Hiding 2/3 items for tag '#c:storage_blocks/invar' -> [railcraft:invar_block, modern_industrialization:invar_block]
[10:42:00.993] [INFO]: [AutoHiding] Hiding 3/5 items for tag '#c:ores/emerald' -> [deeperdarker:sculk_stone_emerald_ore, alltheores:other_emerald_ore, deeperdarker:gloomslate_emerald_ore]
[10:42:00.993] [INFO]: [AutoHiding] Hiding 1/2 items for tag '#c:gears/lead' -> [railcraft:lead_gear]
[10:42:00.993] [INFO]: [AutoHiding] Hiding 2/3 items for tag '#c:storage_blocks/raw_uranium' -> [mekanism:block_raw_uranium, modern_industrialization:raw_uranium_block]
[10:42:00.994] [INFO]: [AutoHiding] Hiding 8/11 items for tag '#c:ores/tin' -> [railcraft:deepslate_tin_ore, mekanism:tin_ore, alltheores:other_tin_ore, modern_industrialization:tin_ore, alltheores:end_tin_ore, railcraft:tin_ore, mekanism:deepslate_tin_ore, modern_industrialization:deepslate_tin_ore]
[10:42:00.994] [INFO]: [AutoHiding] Hiding 1/2 items for tag '#c:nuggets/zinc' -> [railcraft:zinc_nugget]
[10:42:00.994] [INFO]: [AutoHiding] Hiding 3/4 items for tag '#c:dusts/copper' -> [mekanism:dust_copper, modern_industrialization:copper_dust, occultism:copper_dust]
[10:42:00.994] [INFO]: [AutoHiding] Hiding 3/4 items for tag '#c:storage_blocks/bronze' -> [railcraft:bronze_block, mekanism:block_bronze, modern_industrialization:bronze_block]
[10:42:00.995] [INFO]: [AutoHiding] Hiding 1/2 items for tag '#c:rods/iron' -> [modern_industrialization:iron_rod]
[10:42:00.995] [INFO]: [AutoHiding] Hiding 2/3 items for tag '#c:plates/tin' -> [railcraft:tin_plate, modern_industrialization:tin_plate]
[10:42:00.995] [INFO]: [AutoHiding] Hiding 6/9 items for tag '#c:ores/silver' -> [occultism:silver_ore, railcraft:deepslate_silver_ore, alltheores:end_silver_ore, alltheores:other_silver_ore, railcraft:silver_ore, occultism:silver_ore_deepslate]
[10:42:00.995] [INFO]: [AutoHiding] Hiding 2/3 items for tag '#c:dusts/obsidian' -> [railcraft:obsidian_dust, occultism:obsidian_dust]
[10:42:00.995] [INFO]: [AutoHiding] Hiding 2/3 items for tag '#c:dusts/lead' -> [mekanism:dust_lead, modern_industrialization:lead_dust]
[10:42:00.995] [INFO]: [AutoHiding] Hiding 2/3 items for tag '#c:plates/silver' -> [modern_industrialization:silver_plate, railcraft:silver_plate]
[10:42:00.996] [INFO]: [AutoHiding] Hiding 1/2 items for tag '#c:storage_blocks/electrum' -> [modern_industrialization:electrum_block]
[10:42:00.996] [INFO]: [AutoHiding] Hiding 3/6 items for tag '#c:ores/platinum' -> [modern_industrialization:platinum_ore, alltheores:other_platinum_ore, alltheores:end_platinum_ore]
[10:42:00.996] [INFO]: [AutoHiding] Hiding 2/3 items for tag '#c:gears/steel' -> [railcraft:steel_gear, modern_industrialization:steel_gear]
[10:42:00.997] [INFO]: [AutoHiding] Hiding 1/2 items for tag '#c:storage_blocks/zinc' -> [railcraft:zinc_block]
[10:42:00.997] [INFO]: [AutoHiding] Hiding 1/2 items for tag '#c:dusts/aluminum' -> [modern_industrialization:aluminum_dust]
[10:42:00.997] [INFO]: [AutoHiding] Hiding 2/3 items for tag '#c:ingots/invar' -> [railcraft:invar_ingot, modern_industrialization:invar_ingot]
[10:42:00.997] [INFO]: [AutoHiding] Hiding 1/2 items for tag '#c:plates/iridium' -> [modern_industrialization:iridium_plate]
[10:42:00.997] [INFO]: [AutoHiding] Hiding 1/2 items for tag '#c:raw_materials/osmium' -> [mekanism:raw_osmium]
[10:42:00.997] [INFO]: [AutoHiding] Hiding 2/3 items for tag '#c:gears/tin' -> [railcraft:tin_gear, modern_industrialization:tin_gear]
[10:42:00.998] [INFO]: [AutoHiding] Hiding 3/4 items for tag '#c:storage_blocks/lead' -> [modern_industrialization:lead_block, railcraft:lead_block, mekanism:block_lead]
[10:42:00.998] [INFO]: [AutoHiding] Hiding 3/4 items for tag '#c:nuggets/silver' -> [occultism:silver_nugget, modern_industrialization:silver_nugget, railcraft:silver_nugget]
[10:42:00.998] [INFO]: [AutoHiding] Hiding 2/3 items for tag '#c:storage_blocks/raw_silver' -> [modern_industrialization:raw_silver_block, occultism:raw_silver_block]
[10:42:00.998] [INFO]: [AutoHiding] Hiding 1/2 items for tag '#c:dusts/electrum' -> [modern_industrialization:electrum_dust]
[10:42:00.998] [INFO]: [AutoHiding] Hiding 1/2 items for tag '#c:gears/silver' -> [railcraft:silver_gear]
[10:42:00.998] [INFO]: [AutoHiding] Hiding 2/3 items for tag '#c:storage_blocks/nickel' -> [railcraft:nickel_block, modern_industrialization:nickel_block]
[10:42:00.999] [INFO]: [AutoHiding] Hiding 1/2 items for tag '#c:gears/nickel' -> [railcraft:nickel_gear]
[10:42:00.999] [INFO]: [AutoHiding] Hiding 3/4 items for tag '#c:ingots/silver' -> [modern_industrialization:silver_ingot, railcraft:silver_ingot, occultism:silver_ingot]
[10:42:00.999] [INFO]: [AutoHiding] Hiding 4/7 items for tag '#c:ores/osmium' -> [alltheores:end_osmium_ore, mekanism:deepslate_osmium_ore, mekanism:osmium_ore, alltheores:other_osmium_ore]
[10:42:00.999] [INFO]: [AutoHiding] Hiding 1/2 items for tag '#c:raw_materials/iridium' -> [modern_industrialization:raw_iridium]
[10:42:00.999] [INFO]: [AutoHiding] Hiding 2/3 items for tag '#c:plates/aluminum' -> [xycraft_machines:aluminum_sheet, modern_industrialization:aluminum_plate]
[10:42:01.000] [INFO]: [AutoHiding] Hiding 1/2 items for tag '#c:gears/brass' -> [railcraft:brass_gear]
[10:42:01.000] [INFO]: [AutoHiding] Hiding 1/2 items for tag '#c:nuggets/osmium' -> [mekanism:nugget_osmium]
[10:42:01.000] [INFO]: [AutoHiding] Hiding 1/2 items for tag '#c:nuggets/platinum' -> [modern_industrialization:platinum_nugget]
[10:42:01.000] [INFO]: [AutoHiding] Hiding 1/2 items for tag '#c:rods/bronze' -> [modern_industrialization:bronze_rod]
[10:42:01.000] [INFO]: [AutoHiding] Hiding 1/2 items for tag '#c:rods/steel' -> [modern_industrialization:steel_rod]
[10:42:01.000] [INFO]: [AutoHiding] Hiding 1/2 items for tag '#c:dusts/invar' -> [modern_industrialization:invar_dust]
[10:42:01.001] [INFO]: [AutoHiding] Hiding 3/4 items for tag '#c:ingots/bronze' -> [railcraft:bronze_ingot, modern_industrialization:bronze_ingot, mekanism:ingot_bronze]
[10:42:01.001] [INFO]: [AutoHiding] Hiding 2/3 items for tag '#c:gears/invar' -> [modern_industrialization:invar_gear, railcraft:invar_gear]
[10:42:01.001] [INFO]: [AutoHiding] Hiding 1/2 items for tag '#c:dusts/iridium' -> [modern_industrialization:iridium_dust]
[10:42:01.001] [INFO]: [AutoHiding] Hiding 1/2 items for tag '#c:rods/invar' -> [modern_industrialization:invar_rod]
[10:42:01.001] [INFO]: [AutoHiding] Hiding 2/3 items for tag '#c:gears/iron' -> [modern_industrialization:iron_gear, railcraft:iron_gear]
[10:42:01.001] [INFO]: [AutoHiding] Hiding 1/2 items for tag '#c:gears/zinc' -> [railcraft:zinc_gear]
[10:42:01.002] [INFO]: [AutoHiding] Hiding 4/7 items for tag '#c:ores/gold' -> [undergarden:depthrock_gold_ore, alltheores:other_gold_ore, deeperdarker:gloomslate_gold_ore, deeperdarker:sculk_stone_gold_ore]
[10:42:01.002] [INFO]: [AutoHiding] Hiding 1/2 items for tag '#c:ingots/osmium' -> [mekanism:ingot_osmium]
[10:42:01.002] [INFO]: [AutoHiding] Hiding 3/4 items for tag '#c:nuggets/lead' -> [modern_industrialization:lead_nugget, mekanism:nugget_lead, railcraft:lead_nugget]
[10:42:01.002] [INFO]: [AutoHiding] Hiding 2/3 items for tag '#c:nuggets/uranium' -> [mekanism:nugget_uranium, modern_industrialization:uranium_nugget]
[10:42:01.002] [INFO]: [AutoHiding] Hiding 3/4 items for tag '#c:dusts/sulfur' -> [modern_industrialization:sulfur_dust, mekanism:dust_sulfur, railcraft:sulfur_dust]
[10:42:01.002] [INFO]: [AutoHiding] Hiding 1/2 items for tag '#c:storage_blocks/raw_iridium' -> [modern_industrialization:raw_iridium_block]
[10:42:01.003] [INFO]: [AutoHiding] Hiding 2/3 items for tag '#c:ingots/nickel' -> [modern_industrialization:nickel_ingot, railcraft:nickel_ingot]
[10:42:01.003] [INFO]: [AutoHiding] Hiding 2/3 items for tag '#c:dusts/tin' -> [mekanism:dust_tin, modern_industrialization:tin_dust]
[10:42:01.003] [INFO]: [AutoHiding] Hiding 1/3 items for tag '#c:ores/fluorite' -> [mekanism:fluorite_ore]
[10:42:01.003] [INFO]: [AutoHiding] Hiding 1/2 items for tag '#c:raw_materials/zinc' -> [railcraft:zinc_raw]
[10:42:01.003] [INFO]: [AutoHiding] Hiding 7/10 items for tag '#c:ores/uranium' -> [modern_industrialization:deepslate_uranium_ore, bigreactors:yellorite_ore, alltheores:other_uranium_ore, mekanism:deepslate_uranium_ore, mekanism:uranium_ore, modern_industrialization:uranium_ore, alltheores:end_uranium_ore]
[10:42:01.003] [INFO]: [AutoHiding] Hiding 3/4 items for tag '#c:raw_materials/lead' -> [mekanism:raw_lead, modern_industrialization:raw_lead, railcraft:lead_raw]
[10:42:01.003] [INFO]: [AutoHiding] Hiding 3/4 items for tag '#c:plates/gold' -> [railcraft:gold_plate, modern_industrialization:gold_plate, xycraft_machines:gold_sheet]
[10:42:01.003] [INFO]: [AutoHiding] Hiding 2/3 items for tag '#c:plates/invar' -> [railcraft:invar_plate, modern_industrialization:invar_plate]
[10:42:01.003] [INFO]: [AutoHiding] Hiding 2/3 items for tag '#c:nuggets/aluminum' -> [modern_industrialization:aluminum_nugget, xycraft_world:aluminum_nugget]
[10:42:01.005] [INFO]: [AutoHiding] Hiding 1/2 items for tag '#c:dusts/lapis' -> [modern_industrialization:lapis_dust]
[10:42:01.005] [INFO]: [AutoHiding] Hiding 2/3 items for tag '#c:storage_blocks/aluminum' -> [xycraft_world:aluminum_storage, modern_industrialization:aluminum_block]
[10:42:01.005] [INFO]: [AutoHiding] Hiding 3/4 items for tag '#c:storage_blocks/steel' -> [modern_industrialization:steel_block, mekanism:block_steel, railcraft:steel_block]
[10:42:01.005] [INFO]: [AutoHiding] Hiding 1/2 items for tag '#c:plates/brass' -> [railcraft:brass_plate]
[10:42:01.005] [INFO]: [AutoHiding] Hiding 3/4 items for tag '#c:nuggets/steel' -> [mekanism:nugget_steel, railcraft:steel_nugget, modern_industrialization:steel_nugget]
[10:42:01.006] [INFO]: [AutoHiding] Hiding 3/5 items for tag '#c:ores/lapis' -> [alltheores:other_lapis_ore, deeperdarker:gloomslate_lapis_ore, deeperdarker:sculk_stone_lapis_ore]
[10:42:01.006] [INFO]: [AutoHiding] Hiding 1/2 items for tag '#c:ingots/zinc' -> [railcraft:zinc_ingot]
[10:42:01.006] [INFO]: [AutoHiding] Hiding 2/3 items for tag '#c:gears/gold' -> [railcraft:gold_gear, modern_industrialization:gold_gear]
[10:42:01.006] [INFO]: [AutoHiding] Hiding 3/4 items for tag '#c:ingots/uranium' -> [modern_industrialization:uranium_ingot, bigreactors:yellorium_ingot, mekanism:ingot_uranium]
[10:42:01.006] [INFO]: [AutoHiding] Hiding 3/4 items for tag '#c:plates/copper' -> [railcraft:copper_plate, modern_industrialization:copper_plate, xycraft_machines:copper_sheet]
[10:42:01.007] [INFO]: [AutoHiding] Hiding 1/2 items for tag '#c:rods/tin' -> [modern_industrialization:tin_rod]
[10:42:01.007] [INFO]: [AutoHiding] Hiding 6/9 items for tag '#c:ores/nickel' -> [alltheores:end_nickel_ore, railcraft:deepslate_nickel_ore, railcraft:nickel_ore, alltheores:other_nickel_ore, modern_industrialization:deepslate_nickel_ore, modern_industrialization:nickel_ore]
[10:42:01.007] [INFO]: [AutoHiding] Hiding 1/2 items for tag '#c:storage_blocks/raw_nickel' -> [modern_industrialization:raw_nickel_block]
[10:42:01.007] [INFO]: [AutoHiding] Hiding 5/8 items for tag '#c:ores/aluminum' -> [xycraft_world:aluminum_ore_stone, xycraft_world:aluminum_ore_deepslate, alltheores:other_aluminum_ore, xycraft_world:aluminum_ore_kivi, alltheores:end_aluminum_ore]
[10:42:01.008] [INFO]: [AutoHiding] Hiding 2/3 items for tag '#c:nuggets/nickel' -> [railcraft:nickel_nugget, modern_industrialization:nickel_nugget]
[10:42:01.008] [INFO]: [AutoHiding] Hiding 5/7 items for tag '#c:ores/iron' -> [undergarden:shiverstone_iron_ore, undergarden:depthrock_iron_ore, alltheores:other_iron_ore, deeperdarker:gloomslate_iron_ore, deeperdarker:sculk_stone_iron_ore]
[10:42:01.008] [INFO]: [AutoHiding] Hiding 3/4 items for tag '#c:dusts/gold' -> [mekanism:dust_gold, occultism:gold_dust, modern_industrialization:gold_dust]
[10:42:01.008] [INFO]: [AutoHiding] Hiding 2/3 items for tag '#c:plates/bronze' -> [railcraft:bronze_plate, modern_industrialization:bronze_plate]
[10:42:01.008] [INFO]: [AutoHiding] Hiding 1/2 items for tag '#c:dusts/netherite' -> [extended_industrialization:netherite_dust]
[10:42:01.009] [INFO]: [AutoHiding] Hiding 3/4 items for tag '#c:storage_blocks/silver' -> [occultism:silver_block, railcraft:silver_block, modern_industrialization:silver_block]
[10:42:01.009] [INFO]: [AutoHiding] Hiding 5/7 items for tag '#c:ores/diamond' -> [undergarden:shiverstone_diamond_ore, alltheores:other_diamond_ore, deeperdarker:sculk_stone_diamond_ore, deeperdarker:gloomslate_diamond_ore, undergarden:depthrock_diamond_ore]
[10:42:01.009] [INFO]: [AutoHiding] Hiding 3/5 items for tag '#c:ores/copper' -> [deeperdarker:sculk_stone_copper_ore, alltheores:other_copper_ore, deeperdarker:gloomslate_copper_ore]
[10:42:01.009] [INFO]: [AutoHiding] Hiding 2/3 items for tag '#c:dusts/steel' -> [mekanism:dust_steel, modern_industrialization:steel_dust]
[10:42:01.009] [INFO]: [AutoHiding] Hiding 4/5 items for tag '#c:ingots/steel' -> [railcraft:steel_ingot, mekanism:ingot_steel, modern_industrialization:steel_ingot, mffs:steel_ingot]
[10:42:01.010] [INFO]: [AutoHiding] Hiding 1/2 items for tag '#c:dusts/osmium' -> [mekanism:dust_osmium]
[10:42:01.010] [INFO]: [AutoHiding] Hiding 3/4 items for tag '#c:ingots/lead' -> [mekanism:ingot_lead, modern_industrialization:lead_ingot, railcraft:lead_ingot]
[10:42:01.010] [INFO]: [AutoHiding] Hiding 2/3 items for tag '#c:ingots/aluminum' -> [modern_industrialization:aluminum_ingot, xycraft_world:aluminum_ingot]
[10:42:01.010] [INFO]: [AutoHiding] Hiding 3/4 items for tag '#c:dusts/iron' -> [mekanism:dust_iron, modern_industrialization:iron_dust, occultism:iron_dust]
[10:42:01.010] [INFO]: [AutoHiding] Hiding 3/4 items for tag '#c:plates/iron' -> [xycraft_machines:iron_sheet, modern_industrialization:iron_plate, railcraft:iron_plate]
[10:42:01.011] [INFO]: [AutoHiding] Hiding 3/4 items for tag '#c:dusts/diamond' -> [appflux:diamond_dust, modern_industrialization:diamond_dust, mekanism:dust_diamond]
[10:42:01.011] [INFO]: [AutoHiding] Hiding 2/3 items for tag '#c:gears/bronze' -> [modern_industrialization:bronze_gear, railcraft:bronze_gear]
[10:42:01.011] [INFO]: [AutoHiding] Hiding 1/2 items for tag '#c:storage_blocks/osmium' -> [mekanism:block_osmium]
[10:42:01.011] [INFO]: [AutoHiding] Hiding 1/2 items for tag '#c:storage_blocks/platinum' -> [modern_industrialization:platinum_block]
[10:42:01.011] [INFO]: [AutoHiding] Hiding 1/2 items for tag '#c:ingots/electrum' -> [modern_industrialization:electrum_ingot]
[10:42:01.011] [INFO]: [AutoHiding] Hiding 2/3 items for tag '#c:gears/copper' -> [railcraft:copper_gear, modern_industrialization:copper_gear]
[10:42:01.011] [INFO]: [AutoHiding] Hiding 1/2 items for tag '#c:raw_materials/aluminum' -> [xycraft_world:raw_aluminum]
[10:42:01.011] [INFO]: [AutoHiding] Hiding 2/3 items for tag '#c:nuggets/invar' -> [modern_industrialization:invar_nugget, railcraft:invar_nugget]
[10:42:01.012] [INFO]: [AutoHiding] Hiding 1/2 items for tag '#c:storage_blocks/raw_platinum' -> [modern_industrialization:raw_platinum_block]
[10:42:01.012] [INFO]: [AutoHiding] Hiding 2/3 items for tag '#c:raw_materials/uranium' -> [modern_industrialization:raw_uranium, mekanism:raw_uranium]
[10:42:01.012] [INFO]: [AutoHiding] Hiding 1/2 items for tag '#c:ingots/iridium' -> [modern_industrialization:iridium_ingot]
[10:42:01.012] [INFO]: [AutoHiding] Hiding 3/4 items for tag '#c:ingots/tin' -> [railcraft:tin_ingot, mekanism:ingot_tin, modern_industrialization:tin_ingot]
[10:42:01.012] [INFO]: [AutoHiding] Hiding 2/3 items for tag '#c:dusts/silver' -> [modern_industrialization:silver_dust, occultism:silver_dust]
[10:42:01.012] [INFO]: [AutoHiding] Hiding 1/2 items for tag '#c:storage_blocks/brass' -> [railcraft:brass_block]
[10:42:01.012] [INFO]: [AutoHiding] Hiding 1/2 items for tag '#c:plates/diamond' -> [modern_industrialization:diamond_plate]
[10:42:01.012] [INFO]: [AutoHiding] Hiding 1/2 items for tag '#c:nuggets/brass' -> [railcraft:brass_nugget]
[10:42:01.012] [INFO]: [AutoHiding] Hiding 2/3 items for tag '#c:plates/steel' -> [railcraft:steel_plate, modern_industrialization:steel_plate]
[10:42:01.013] [INFO]: [AutoHiding] Hiding 2/3 items for tag '#c:raw_materials/nickel' -> [modern_industrialization:raw_nickel, railcraft:nickel_raw]
[10:42:01.013] [INFO]: [AutoHiding] Hiding 3/4 items for tag '#c:nuggets/copper' -> [modern_industrialization:copper_nugget, everythingcopper:copper_nugget, pneumaticcraft:copper_nugget]
[10:42:01.013] [INFO]: [AutoHiding] Hiding 3/4 items for tag '#c:nuggets/bronze' -> [railcraft:bronze_nugget, modern_industrialization:bronze_nugget, mekanism:nugget_bronze]
[10:42:01.013] [INFO]: [AutoHiding] Hiding 1/2 items for tag '#c:storage_blocks/iridium' -> [modern_industrialization:iridium_block]
[10:42:01.013] [INFO]: [AutoHiding] Hiding 1/2 items for tag '#c:storage_blocks/raw_osmium' -> [mekanism:block_raw_osmium]
[10:42:01.014] [INFO]: [AutoHiding] Hiding 1/2 items for tag '#c:gems/fluorite' -> [mekanism:fluorite_gem]
[10:42:01.014] [INFO]: [AutoHiding] Hiding 1/2 items for tag '#c:plates/electrum' -> [modern_industrialization:electrum_plate]
[10:42:01.014] [INFO]: [AutoHiding] Hiding 1/2 items for tag '#c:ingots/platinum' -> [modern_industrialization:platinum_ingot]
[10:42:01.014] [INFO]: [AutoHiding] Hiding 1/2 items for tag '#c:ingots/brass' -> [railcraft:brass_ingot]
[10:42:01.014] [INFO]: [AutoHiding] Hiding 4/7 items for tag '#c:ores/zinc' -> [railcraft:zinc_ore, alltheores:other_zinc_ore, railcraft:deepslate_zinc_ore, alltheores:end_zinc_ore]
[10:42:01.014] [INFO]: [AutoHiding] Hiding 2/3 items for tag '#c:storage_blocks/uranium' -> [mekanism:block_uranium, modern_industrialization:uranium_block]
[10:42:01.015] [INFO]: [AutoHiding] Hiding 1/2 items for tag '#c:nuggets/electrum' -> [modern_industrialization:electrum_nugget]
[10:42:01.015] [INFO]: [AutoHiding] Hiding 1/2 items for tag '#c:plates/zinc' -> [railcraft:zinc_plate]
[10:42:01.015] [INFO]: [AutoHiding] Hiding 1/2 items for tag '#c:storage_blocks/fluorite' -> [mekanism:block_fluorite]
[10:42:01.015] [INFO]: [AutoHiding] Hiding 3/4 items for tag '#c:nuggets/tin' -> [mekanism:nugget_tin, modern_industrialization:tin_nugget, railcraft:tin_nugget]
[10:42:01.015] [INFO]: [AutoHiding] Hiding 8/11 items for tag '#c:ores/lead' -> [modern_industrialization:deepslate_lead_ore, alltheores:end_lead_ore, railcraft:deepslate_lead_ore, mekanism:lead_ore, modern_industrialization:lead_ore, alltheores:other_lead_ore, railcraft:lead_ore, mekanism:deepslate_lead_ore]
[10:42:01.015] [INFO]: [AutoHiding] Hiding 2/3 items for tag '#c:dusts/emerald' -> [modern_industrialization:emerald_dust, appflux:emerald_dust]
[10:42:01.015] [INFO]: [AutoHiding] Hiding 3/4 items for tag '#c:storage_blocks/tin' -> [railcraft:tin_block, modern_industrialization:tin_block, mekanism:block_tin]
[10:42:01.015] [INFO]: [AutoHiding] Hiding 1/2 items for tag '#c:dusts/ruby' -> [modern_industrialization:ruby_dust]
[10:42:01.016] [INFO]: [AutoHiding] Hiding 1/2 items for tag '#c:rods/gold' -> [modern_industrialization:gold_rod]
[10:42:01.016] [INFO]: [AutoHiding] Hiding 3/4 items for tag '#c:raw_materials/tin' -> [mekanism:raw_tin, railcraft:tin_raw, modern_industrialization:raw_tin]
[10:42:01.016] [INFO]: [AutoHiding] Hiding 1/3 items for tag '#c:ores/sulfur' -> [railcraft:sulfur_ore]
[10:42:01.016] [INFO]: [AutoHiding] Hiding 1/2 items for tag '#c:dusts/nickel' -> [modern_industrialization:nickel_dust]
[10:42:01.016] [INFO]: [AutoHiding] Hiding 2/3 items for tag '#c:storage_blocks/raw_lead' -> [mekanism:block_raw_lead, modern_industrialization:raw_lead_block]
[10:42:01.016] [INFO]: [AutoHiding] Hiding 1/2 items for tag '#c:rods/copper' -> [modern_industrialization:copper_rod]
[10:42:01.016] [INFO]: [AutoHiding] Hiding 1/2 items for tag '#c:plates/platinum' -> [modern_industrialization:platinum_plate]
[10:42:01.016] [INFO]: [AutoHiding] Hiding 1/2 items for tag '#c:rods/uranium' -> [modern_industrialization:uranium_rod]
[10:42:01.016] [INFO]: [AutoHiding] Hiding 2/3 items for tag '#c:dusts/uranium' -> [modern_industrialization:uranium_dust, mekanism:dust_uranium]
[10:42:01.016] [INFO]: [AutoHiding] Hiding 1/2 items for tag '#c:rods/aluminum' -> [modern_industrialization:aluminum_rod]
[10:42:01.016] [INFO]: [AutoHiding] Hiding 2/3 items for tag '#c:storage_blocks/raw_tin' -> [modern_industrialization:raw_tin_block, mekanism:block_raw_tin]
[10:42:01.018] [INFO]: [AutoHiding] Hiding 1/2 items for tag '#c:storage_blocks/raw_aluminum' -> [xycraft_world:raw_aluminum_block]
[10:42:01.018] [INFO]: [AutoHiding] Hiding 1/2 items for tag '#c:dusts/platinum' -> [modern_industrialization:platinum_dust]
[10:42:01.018] [INFO]: [AutoHiding] Hiding 2/3 items for tag '#c:plates/lead' -> [modern_industrialization:lead_plate, railcraft:lead_plate]
[10:42:01.018] [INFO]: [AutoHiding] Hiding 2/3 items for tag '#c:plates/nickel' -> [modern_industrialization:nickel_plate, railcraft:nickel_plate]
[10:42:01.018] [INFO]: [AutoHiding] Hiding 1/2 items for tag '#c:nuggets/iridium' -> [modern_industrialization:iridium_nugget]
[10:42:01.018] [INFO]: [AutoHiding] Hiding 1/2 items for tag '#c:raw_materials/platinum' -> [modern_industrialization:raw_platinum]
[10:42:01.018] [INFO]: [AutoHiding] Hiding 1/2 items for tag '#c:gears/aluminum' -> [modern_industrialization:aluminum_gear]
[10:42:01.018] [INFO]: [AutoHiding] Hiding 4/7 items for tag '#c:ores/iridium' -> [modern_industrialization:deepslate_iridium_ore, alltheores:other_iridium_ore, modern_industrialization:iridium_ore, alltheores:end_iridium_ore]
[10:42:01.386] [INFO]: Loading config 'debug.json'.
[10:42:01.389] [INFO]: Loading config 'duplicates.json'.
[10:42:01.392] [INFO]: Recipe count: 34298
[10:42:05.019] [INFO]: Recipe count afterwards: 33969 (done in 3.627 s)
